# JRE version: Java(TM) SE Runtime Environment (8.0_181-b13) (build 1.8.0_181-b13)
# Java VM: Java HotSpot(TM) 64-Bit Server VM (25.181-b13 mixed mode windows-amd64 compressed oops)
Heap:
 PSYoungGen      total 94208K, used 4271K [0x00000000d5f80000, 0x00000000ddc00000, 0x0000000100000000)
  eden space 81408K, 5% used [0x00000000d5f80000,0x00000000d63abfc0,0x00000000daf00000)
  from space 12800K, 0% used [0x00000000daf00000,0x00000000daf00000,0x00000000dbb80000)
  to   space 14848K, 0% used [0x00000000dcd80000,0x00000000dcd80000,0x00000000ddc00000)
 ParOldGen       total 102912K, used 17776K [0x0000000081e00000, 0x0000000088280000, 0x00000000d5f80000)
  object space 102912K, 17% used [0x0000000081e00000,0x0000000082f5c3c0,0x0000000088280000)
 Metaspace       used 34532K, capacity 36150K, committed 36392K, reserved 1081344K
  class space    used 4529K, capacity 4840K, committed 4904K, reserved 1048576K
GC Heap History (10 events):
Event: 2.356 GC heap before
{Heap before GC invocations=7 (full 1):
 PSYoungGen      total 71680K, used 66560K [0x00000000d5f80000, 0x00000000daa80000, 0x0000000100000000)
  eden space 66560K, 100% used [0x00000000d5f80000,0x00000000da080000,0x00000000da080000)
  from space 5120K, 0% used [0x00000000da080000,0x00000000da080000,0x00000000da580000)
  to   space 5120K, 0% used [0x00000000da580000,0x00000000da580000,0x00000000daa80000)
 ParOldGen       total 60416K, used 5785K [0x0000000081e00000, 0x0000000085900000, 0x00000000d5f80000)
  object space 60416K, 9% used [0x0000000081e00000,0x00000000823a6568,0x0000000085900000)
 Metaspace       used 23348K, capacity 24026K, committed 24320K, reserved 1071104K
  class space    used 3026K, capacity 3219K, committed 3328K, reserved 1048576K
Event: 2.359 GC heap after
Heap after GC invocations=7 (full 1):
 PSYoungGen      total 67584K, used 3680K [0x00000000d5f80000, 0x00000000dcd00000, 0x0000000100000000)
  eden space 62464K, 0% used [0x00000000d5f80000,0x00000000d5f80000,0x00000000d9c80000)
  from space 5120K, 71% used [0x00000000da580000,0x00000000da9182d8,0x00000000daa80000)
  to   space 9216K, 0% used [0x00000000d9c80000,0x00000000d9c80000,0x00000000da580000)
 ParOldGen       total 60416K, used 5857K [0x0000000081e00000, 0x0000000085900000, 0x00000000d5f80000)
  object space 60416K, 9% used [0x0000000081e00000,0x00000000823b8578,0x0000000085900000)
 Metaspace       used 23348K, capacity 24026K, committed 24320K, reserved 1071104K
  class space    used 3026K, capacity 3219K, committed 3328K, reserved 1048576K
}
Event: 3.356 GC heap before
{Heap before GC invocations=8 (full 1):
 PSYoungGen      total 67584K, used 66144K [0x00000000d5f80000, 0x00000000dcd00000, 0x0000000100000000)
  eden space 62464K, 100% used [0x00000000d5f80000,0x00000000d9c80000,0x00000000d9c80000)
  from space 5120K, 71% used [0x00000000da580000,0x00000000da9182d8,0x00000000daa80000)
  to   space 9216K, 0% used [0x00000000d9c80000,0x00000000d9c80000,0x00000000da580000)
 ParOldGen       total 60416K, used 5857K [0x0000000081e00000, 0x0000000085900000, 0x00000000d5f80000)
  object space 60416K, 9% used [0x0000000081e00000,0x00000000823b8578,0x0000000085900000)
 Metaspace       used 27372K, capacity 28434K, committed 28672K, reserved 1075200K
  class space    used 3574K, capacity 3814K, committed 3840K, reserved 1048576K
Event: 3.363 GC heap after
Heap after GC invocations=8 (full 1):
 PSYoungGen      total 71680K, used 8285K [0x00000000d5f80000, 0x00000000dc600000, 0x0000000100000000)
  eden space 62464K, 0% used [0x00000000d5f80000,0x00000000d5f80000,0x00000000d9c80000)
  from space 9216K, 89% used [0x00000000d9c80000,0x00000000da497648,0x00000000da580000)
  to   space 10240K, 0% used [0x00000000dbc00000,0x00000000dbc00000,0x00000000dc600000)
 ParOldGen       total 60416K, used 5865K [0x0000000081e00000, 0x0000000085900000, 0x00000000d5f80000)
  object space 60416K, 9% used [0x0000000081e00000,0x00000000823ba578,0x0000000085900000)
 Metaspace       used 27372K, capacity 28434K, committed 28672K, reserved 1075200K
  class space    used 3574K, capacity 3814K, committed 3840K, reserved 1048576K
}
Event: 4.355 GC heap before
{Heap before GC invocations=9 (full 1):
 PSYoungGen      total 71680K, used 70747K [0x00000000d5f80000, 0x00000000dc600000, 0x0000000100000000)
  eden space 62464K, 99% used [0x00000000d5f80000,0x00000000d9c7f848,0x00000000d9c80000)
  from space 9216K, 89% used [0x00000000d9c80000,0x00000000da497648,0x00000000da580000)
  to   space 10240K, 0% used [0x00000000dbc00000,0x00000000dbc00000,0x00000000dc600000)
 ParOldGen       total 60416K, used 5865K [0x0000000081e00000, 0x0000000085900000, 0x00000000d5f80000)
  object space 60416K, 9% used [0x0000000081e00000,0x00000000823ba578,0x0000000085900000)
 Metaspace       used 31765K, capacity 33330K, committed 33536K, reserved 1079296K
  class space    used 4199K, capacity 4514K, committed 4608K, reserved 1048576K
Event: 4.362 GC heap after
Heap after GC invocations=9 (full 1):
 PSYoungGen      total 91648K, used 10235K [0x00000000d5f80000, 0x00000000dc800000, 0x0000000100000000)
  eden space 81408K, 0% used [0x00000000d5f80000,0x00000000d5f80000,0x00000000daf00000)
  from space 10240K, 99% used [0x00000000dbc00000,0x00000000dc5fedf8,0x00000000dc600000)
  to   space 12800K, 0% used [0x00000000daf00000,0x00000000daf00000,0x00000000dbb80000)
 ParOldGen       total 60416K, used 8922K [0x0000000081e00000, 0x0000000085900000, 0x00000000d5f80000)
  object space 60416K, 14% used [0x0000000081e00000,0x00000000826b6a90,0x0000000085900000)
 Metaspace       used 31765K, capacity 33330K, committed 33536K, reserved 1079296K
  class space    used 4199K, capacity 4514K, committed 4608K, reserved 1048576K
}
Event: 4.620 GC heap before
{Heap before GC invocations=10 (full 1):
 PSYoungGen      total 91648K, used 83336K [0x00000000d5f80000, 0x00000000dc800000, 0x0000000100000000)
  eden space 81408K, 89% used [0x00000000d5f80000,0x00000000da6e35b8,0x00000000daf00000)
  from space 10240K, 99% used [0x00000000dbc00000,0x00000000dc5fedf8,0x00000000dc600000)
  to   space 12800K, 0% used [0x00000000daf00000,0x00000000daf00000,0x00000000dbb80000)
 ParOldGen       total 60416K, used 8922K [0x0000000081e00000, 0x0000000085900000, 0x00000000d5f80000)
  object space 60416K, 14% used [0x0000000081e00000,0x00000000826b6a90,0x0000000085900000)
 Metaspace       used 33880K, capacity 35484K, committed 35496K, reserved 1079296K
  class space    used 4463K, capacity 4769K, committed 4776K, reserved 1048576K
Event: 4.630 GC heap after
Heap after GC invocations=10 (full 1):
 PSYoungGen      total 94208K, used 12787K [0x00000000d5f80000, 0x00000000ddc00000, 0x0000000100000000)
  eden space 81408K, 0% used [0x00000000d5f80000,0x00000000d5f80000,0x00000000daf00000)
  from space 12800K, 99% used [0x00000000daf00000,0x00000000dbb7ccc0,0x00000000dbb80000)
  to   space 14848K, 0% used [0x00000000dcd80000,0x00000000dcd80000,0x00000000ddc00000)
 ParOldGen       total 60416K, used 9205K [0x0000000081e00000, 0x0000000085900000, 0x00000000d5f80000)
  object space 60416K, 15% used [0x0000000081e00000,0x00000000826fd6c8,0x0000000085900000)
 Metaspace       used 33880K, capacity 35484K, committed 35496K, reserved 1079296K
  class space    used 4463K, capacity 4769K, committed 4776K, reserved 1048576K
}
Event: 4.630 GC heap before
{Heap before GC invocations=11 (full 2):
 PSYoungGen      total 94208K, used 12787K [0x00000000d5f80000, 0x00000000ddc00000, 0x0000000100000000)
  eden space 81408K, 0% used [0x00000000d5f80000,0x00000000d5f80000,0x00000000daf00000)
  from space 12800K, 99% used [0x00000000daf00000,0x00000000dbb7ccc0,0x00000000dbb80000)
  to   space 14848K, 0% used [0x00000000dcd80000,0x00000000dcd80000,0x00000000ddc00000)
 ParOldGen       total 60416K, used 9205K [0x0000000081e00000, 0x0000000085900000, 0x00000000d5f80000)
  object space 60416K, 15% used [0x0000000081e00000,0x00000000826fd6c8,0x0000000085900000)
 Metaspace       used 33880K, capacity 35484K, committed 35496K, reserved 1079296K
  class space    used 4463K, capacity 4769K, committed 4776K, reserved 1048576K
Event: 4.690 GC heap after
Heap after GC invocations=11 (full 2):
 PSYoungGen      total 94208K, used 0K [0x00000000d5f80000, 0x00000000ddc00000, 0x0000000100000000)
  eden space 81408K, 0% used [0x00000000d5f80000,0x00000000d5f80000,0x00000000daf00000)
  from space 12800K, 0% used [0x00000000daf00000,0x00000000daf00000,0x00000000dbb80000)
  to   space 14848K, 0% used [0x00000000dcd80000,0x00000000dcd80000,0x00000000ddc00000)
 ParOldGen       total 102912K, used 17776K [0x0000000081e00000, 0x0000000088280000, 0x00000000d5f80000)
  object space 102912K, 17% used [0x0000000081e00000,0x0000000082f5c3c0,0x0000000088280000)
 Metaspace       used 33880K, capacity 35484K, committed 35496K, reserved 1079296K
  class space    used 4463K, capacity 4769K, committed 4776K, reserved 1048576K
}

