# JRE version: Java(TM) SE Runtime Environment (8.0_181-b13) (build 1.8.0_181-b13)
# Java VM: Java HotSpot(TM) 64-Bit Server VM (25.181-b13 mixed mode windows-amd64 compressed oops)
Heap:
 PSYoungGen      total 211456K, used 181614K [0x00000000d5f80000, 0x00000000e4200000, 0x0000000100000000)
  eden space 199168K, 91% used [0x00000000d5f80000,0x00000000e10dbad0,0x00000000e2200000)
  from space 12288K, 0% used [0x00000000e3400000,0x00000000e3400000,0x00000000e4000000)
  to   space 16384K, 0% used [0x00000000e2200000,0x00000000e2200000,0x00000000e3200000)
 ParOldGen       total 59904K, used 19603K [0x0000000081e00000, 0x0000000085880000, 0x00000000d5f80000)
  object space 59904K, 32% used [0x0000000081e00000,0x0000000083124e60,0x0000000085880000)
 Metaspace       used 53035K, capacity 55424K, committed 55464K, reserved 1097728K
  class space    used 7370K, capacity 7808K, committed 7848K, reserved 1048576K
GC Heap History (10 events):
Event: 0.890 GC heap before
{Heap before GC invocations=4 (full 0):
 PSYoungGen      total 71680K, used 22025K [0x00000000d5f80000, 0x00000000deb80000, 0x0000000100000000)
  eden space 66560K, 25% used [0x00000000d5f80000,0x00000000d7007a60,0x00000000da080000)
  from space 5120K, 99% used [0x00000000da080000,0x00000000da57aa80,0x00000000da580000)
  to   space 5120K, 0% used [0x00000000de680000,0x00000000de680000,0x00000000deb80000)
 ParOldGen       total 87552K, used 6380K [0x0000000081e00000, 0x0000000087380000, 0x00000000d5f80000)
  object space 87552K, 7% used [0x0000000081e00000,0x000000008243b1f0,0x0000000087380000)
 Metaspace       used 20631K, capacity 21162K, committed 21296K, reserved 1067008K
  class space    used 2692K, capacity 2854K, committed 2944K, reserved 1048576K
Event: 0.899 GC heap after
Heap after GC invocations=4 (full 0):
 PSYoungGen      total 138240K, used 5108K [0x00000000d5f80000, 0x00000000deb80000, 0x0000000100000000)
  eden space 133120K, 0% used [0x00000000d5f80000,0x00000000d5f80000,0x00000000de180000)
  from space 5120K, 99% used [0x00000000de680000,0x00000000deb7d308,0x00000000deb80000)
  to   space 5120K, 0% used [0x00000000de180000,0x00000000de180000,0x00000000de680000)
 ParOldGen       total 87552K, used 7809K [0x0000000081e00000, 0x0000000087380000, 0x00000000d5f80000)
  object space 87552K, 8% used [0x0000000081e00000,0x00000000825a0530,0x0000000087380000)
 Metaspace       used 20631K, capacity 21162K, committed 21296K, reserved 1067008K
  class space    used 2692K, capacity 2854K, committed 2944K, reserved 1048576K
}
Event: 0.899 GC heap before
{Heap before GC invocations=5 (full 1):
 PSYoungGen      total 138240K, used 5108K [0x00000000d5f80000, 0x00000000deb80000, 0x0000000100000000)
  eden space 133120K, 0% used [0x00000000d5f80000,0x00000000d5f80000,0x00000000de180000)
  from space 5120K, 99% used [0x00000000de680000,0x00000000deb7d308,0x00000000deb80000)
  to   space 5120K, 0% used [0x00000000de180000,0x00000000de180000,0x00000000de680000)
 ParOldGen       total 87552K, used 7809K [0x0000000081e00000, 0x0000000087380000, 0x00000000d5f80000)
  object space 87552K, 8% used [0x0000000081e00000,0x00000000825a0530,0x0000000087380000)
 Metaspace       used 20631K, capacity 21162K, committed 21296K, reserved 1067008K
  class space    used 2692K, capacity 2854K, committed 2944K, reserved 1048576K
Event: 0.920 GC heap after
Heap after GC invocations=5 (full 1):
 PSYoungGen      total 138240K, used 0K [0x00000000d5f80000, 0x00000000deb80000, 0x0000000100000000)
  eden space 133120K, 0% used [0x00000000d5f80000,0x00000000d5f80000,0x00000000de180000)
  from space 5120K, 0% used [0x00000000de680000,0x00000000de680000,0x00000000deb80000)
  to   space 5120K, 0% used [0x00000000de180000,0x00000000de180000,0x00000000de680000)
 ParOldGen       total 59904K, used 6403K [0x0000000081e00000, 0x0000000085880000, 0x00000000d5f80000)
  object space 59904K, 10% used [0x0000000081e00000,0x0000000082440d98,0x0000000085880000)
 Metaspace       used 20629K, capacity 21156K, committed 21296K, reserved 1067008K
  class space    used 2692K, capacity 2853K, committed 2944K, reserved 1048576K
}
Event: 1.843 GC heap before
{Heap before GC invocations=6 (full 1):
 PSYoungGen      total 138240K, used 133120K [0x00000000d5f80000, 0x00000000deb80000, 0x0000000100000000)
  eden space 133120K, 100% used [0x00000000d5f80000,0x00000000de180000,0x00000000de180000)
  from space 5120K, 0% used [0x00000000de680000,0x00000000de680000,0x00000000deb80000)
  to   space 5120K, 0% used [0x00000000de180000,0x00000000de180000,0x00000000de680000)
 ParOldGen       total 59904K, used 6403K [0x0000000081e00000, 0x0000000085880000, 0x00000000d5f80000)
  object space 59904K, 10% used [0x0000000081e00000,0x0000000082440d98,0x0000000085880000)
 Metaspace       used 27901K, capacity 29046K, committed 29312K, reserved 1075200K
  class space    used 3659K, capacity 3894K, committed 3968K, reserved 1048576K
Event: 1.856 GC heap after
Heap after GC invocations=6 (full 1):
 PSYoungGen      total 138240K, used 5092K [0x00000000d5f80000, 0x00000000e4000000, 0x0000000100000000)
  eden space 133120K, 0% used [0x00000000d5f80000,0x00000000d5f80000,0x00000000de180000)
  from space 5120K, 99% used [0x00000000de180000,0x00000000de679368,0x00000000de680000)
  to   space 12288K, 0% used [0x00000000e3400000,0x00000000e3400000,0x00000000e4000000)
 ParOldGen       total 59904K, used 11507K [0x0000000081e00000, 0x0000000085880000, 0x00000000d5f80000)
  object space 59904K, 19% used [0x0000000081e00000,0x000000008293cf40,0x0000000085880000)
 Metaspace       used 27901K, capacity 29046K, committed 29312K, reserved 1075200K
  class space    used 3659K, capacity 3894K, committed 3968K, reserved 1048576K
}
Event: 3.653 GC heap before
{Heap before GC invocations=7 (full 1):
 PSYoungGen      total 138240K, used 133887K [0x00000000d5f80000, 0x00000000e4000000, 0x0000000100000000)
  eden space 133120K, 96% used [0x00000000d5f80000,0x00000000ddd46a88,0x00000000de180000)
  from space 5120K, 99% used [0x00000000de180000,0x00000000de679368,0x00000000de680000)
  to   space 12288K, 0% used [0x00000000e3400000,0x00000000e3400000,0x00000000e4000000)
 ParOldGen       total 59904K, used 11507K [0x0000000081e00000, 0x0000000085880000, 0x00000000d5f80000)
  object space 59904K, 19% used [0x0000000081e00000,0x000000008293cf40,0x0000000085880000)
 Metaspace       used 33873K, capacity 35484K, committed 35496K, reserved 1079296K
  class space    used 4459K, capacity 4769K, committed 4776K, reserved 1048576K
Event: 3.669 GC heap after
Heap after GC invocations=7 (full 1):
 PSYoungGen      total 211456K, used 12285K [0x00000000d5f80000, 0x00000000e4200000, 0x0000000100000000)
  eden space 199168K, 0% used [0x00000000d5f80000,0x00000000d5f80000,0x00000000e2200000)
  from space 12288K, 99% used [0x00000000e3400000,0x00000000e3fff520,0x00000000e4000000)
  to   space 16384K, 0% used [0x00000000e2200000,0x00000000e2200000,0x00000000e3200000)
 ParOldGen       total 59904K, used 14866K [0x0000000081e00000, 0x0000000085880000, 0x00000000d5f80000)
  object space 59904K, 24% used [0x0000000081e00000,0x0000000082c84838,0x0000000085880000)
 Metaspace       used 33873K, capacity 35484K, committed 35496K, reserved 1079296K
  class space    used 4459K, capacity 4769K, committed 4776K, reserved 1048576K
}
Event: 3.669 GC heap before
{Heap before GC invocations=8 (full 2):
 PSYoungGen      total 211456K, used 12285K [0x00000000d5f80000, 0x00000000e4200000, 0x0000000100000000)
  eden space 199168K, 0% used [0x00000000d5f80000,0x00000000d5f80000,0x00000000e2200000)
  from space 12288K, 99% used [0x00000000e3400000,0x00000000e3fff520,0x00000000e4000000)
  to   space 16384K, 0% used [0x00000000e2200000,0x00000000e2200000,0x00000000e3200000)
 ParOldGen       total 59904K, used 14866K [0x0000000081e00000, 0x0000000085880000, 0x00000000d5f80000)
  object space 59904K, 24% used [0x0000000081e00000,0x0000000082c84838,0x0000000085880000)
 Metaspace       used 33873K, capacity 35484K, committed 35496K, reserved 1079296K
  class space    used 4459K, capacity 4769K, committed 4776K, reserved 1048576K
Event: 3.765 GC heap after
Heap after GC invocations=8 (full 2):
 PSYoungGen      total 211456K, used 0K [0x00000000d5f80000, 0x00000000e4200000, 0x0000000100000000)
  eden space 199168K, 0% used [0x00000000d5f80000,0x00000000d5f80000,0x00000000e2200000)
  from space 12288K, 0% used [0x00000000e3400000,0x00000000e3400000,0x00000000e4000000)
  to   space 16384K, 0% used [0x00000000e2200000,0x00000000e2200000,0x00000000e3200000)
 ParOldGen       total 59904K, used 19603K [0x0000000081e00000, 0x0000000085880000, 0x00000000d5f80000)
  object space 59904K, 32% used [0x0000000081e00000,0x0000000083124e60,0x0000000085880000)
 Metaspace       used 33873K, capacity 35484K, committed 35496K, reserved 1079296K
  class space    used 4459K, capacity 4769K, committed 4776K, reserved 1048576K
}

