# JRE version: Java(TM) SE Runtime Environment (8.0_181-b13) (build 1.8.0_181-b13)
# Java VM: Java HotSpot(TM) 64-Bit Server VM (25.181-b13 mixed mode windows-amd64 compressed oops)
Heap:
 PSYoungGen      total 269824K, used 97347K [0x00000000d5f80000, 0x00000000e7900000, 0x0000000100000000)
  eden space 259072K, 33% used [0x00000000d5f80000,0x00000000db411a28,0x00000000e5c80000)
  from space 10752K, 99% used [0x00000000e6900000,0x00000000e737f5a0,0x00000000e7380000)
  to   space 12800K, 0% used [0x00000000e5c80000,0x00000000e5c80000,0x00000000e6900000)
 ParOldGen       total 60416K, used 12692K [0x0000000081e00000, 0x0000000085900000, 0x00000000d5f80000)
  object space 60416K, 21% used [0x0000000081e00000,0x0000000082a650f8,0x0000000085900000)
 Metaspace       used 42074K, capacity 43786K, committed 43952K, reserved 1087488K
  class space    used 5718K, capacity 6043K, committed 6064K, reserved 1048576K
GC Heap History (10 events):
Event: 6.082 GC heap before
{Heap before GC invocations=10 (full 1):
 PSYoungGen      total 123904K, used 123520K [0x00000000d5f80000, 0x00000000dec80000, 0x0000000100000000)
  eden space 118784K, 100% used [0x00000000d5f80000,0x00000000dd380000,0x00000000dd380000)
  from space 5120K, 92% used [0x00000000de780000,0x00000000dec202b0,0x00000000dec80000)
  to   space 7168K, 0% used [0x00000000dde80000,0x00000000dde80000,0x00000000de580000)
 ParOldGen       total 47616K, used 5822K [0x0000000081e00000, 0x0000000084c80000, 0x00000000d5f80000)
  object space 47616K, 12% used [0x0000000081e00000,0x00000000823afa68,0x0000000084c80000)
 Metaspace       used 28441K, capacity 29278K, committed 29488K, reserved 1075200K
  class space    used 3668K, capacity 3885K, committed 3888K, reserved 1048576K
Event: 6.087 GC heap after
Heap after GC invocations=10 (full 1):
 PSYoungGen      total 137216K, used 7152K [0x00000000d5f80000, 0x00000000e1900000, 0x0000000100000000)
  eden space 130048K, 0% used [0x00000000d5f80000,0x00000000d5f80000,0x00000000dde80000)
  from space 7168K, 99% used [0x00000000dde80000,0x00000000de57c1e8,0x00000000de580000)
  to   space 8192K, 0% used [0x00000000e1100000,0x00000000e1100000,0x00000000e1900000)
 ParOldGen       total 47616K, used 6622K [0x0000000081e00000, 0x0000000084c80000, 0x00000000d5f80000)
  object space 47616K, 13% used [0x0000000081e00000,0x0000000082477b70,0x0000000084c80000)
 Metaspace       used 28441K, capacity 29278K, committed 29488K, reserved 1075200K
  class space    used 3668K, capacity 3885K, committed 3888K, reserved 1048576K
}
Event: 21.878 GC heap before
{Heap before GC invocations=11 (full 1):
 PSYoungGen      total 137216K, used 137200K [0x00000000d5f80000, 0x00000000e1900000, 0x0000000100000000)
  eden space 130048K, 100% used [0x00000000d5f80000,0x00000000dde80000,0x00000000dde80000)
  from space 7168K, 99% used [0x00000000dde80000,0x00000000de57c1e8,0x00000000de580000)
  to   space 8192K, 0% used [0x00000000e1100000,0x00000000e1100000,0x00000000e1900000)
 ParOldGen       total 47616K, used 6622K [0x0000000081e00000, 0x0000000084c80000, 0x00000000d5f80000)
  object space 47616K, 13% used [0x0000000081e00000,0x0000000082477b70,0x0000000084c80000)
 Metaspace       used 34129K, capacity 35272K, committed 35376K, reserved 1079296K
  class space    used 4644K, capacity 4902K, committed 4912K, reserved 1048576K
Event: 21.886 GC heap after
Heap after GC invocations=11 (full 1):
 PSYoungGen      total 179712K, used 8186K [0x00000000d5f80000, 0x00000000e2900000, 0x0000000100000000)
  eden space 171520K, 0% used [0x00000000d5f80000,0x00000000d5f80000,0x00000000e0700000)
  from space 8192K, 99% used [0x00000000e1100000,0x00000000e18fea08,0x00000000e1900000)
  to   space 10240K, 0% used [0x00000000e0700000,0x00000000e0700000,0x00000000e1100000)
 ParOldGen       total 47616K, used 10187K [0x0000000081e00000, 0x0000000084c80000, 0x00000000d5f80000)
  object space 47616K, 21% used [0x0000000081e00000,0x00000000827f2c68,0x0000000084c80000)
 Metaspace       used 34129K, capacity 35272K, committed 35376K, reserved 1079296K
  class space    used 4644K, capacity 4902K, committed 4912K, reserved 1048576K
}
Event: 21.914 GC heap before
{Heap before GC invocations=12 (full 1):
 PSYoungGen      total 179712K, used 13477K [0x00000000d5f80000, 0x00000000e2900000, 0x0000000100000000)
  eden space 171520K, 3% used [0x00000000d5f80000,0x00000000d64aabe0,0x00000000e0700000)
  from space 8192K, 99% used [0x00000000e1100000,0x00000000e18fea08,0x00000000e1900000)
  to   space 10240K, 0% used [0x00000000e0700000,0x00000000e0700000,0x00000000e1100000)
 ParOldGen       total 47616K, used 10187K [0x0000000081e00000, 0x0000000084c80000, 0x00000000d5f80000)
  object space 47616K, 21% used [0x0000000081e00000,0x00000000827f2c68,0x0000000084c80000)
 Metaspace       used 34276K, capacity 35460K, committed 35496K, reserved 1079296K
  class space    used 4671K, capacity 4912K, committed 4912K, reserved 1048576K
Event: 21.918 GC heap after
Heap after GC invocations=12 (full 1):
 PSYoungGen      total 181760K, used 352K [0x00000000d5f80000, 0x00000000e7380000, 0x0000000100000000)
  eden space 171520K, 0% used [0x00000000d5f80000,0x00000000d5f80000,0x00000000e0700000)
  from space 10240K, 3% used [0x00000000e0700000,0x00000000e0758000,0x00000000e1100000)
  to   space 10752K, 0% used [0x00000000e6900000,0x00000000e6900000,0x00000000e7380000)
 ParOldGen       total 47616K, used 15999K [0x0000000081e00000, 0x0000000084c80000, 0x00000000d5f80000)
  object space 47616K, 33% used [0x0000000081e00000,0x0000000082d9ffd0,0x0000000084c80000)
 Metaspace       used 34276K, capacity 35460K, committed 35496K, reserved 1079296K
  class space    used 4671K, capacity 4912K, committed 4912K, reserved 1048576K
}
Event: 21.918 GC heap before
{Heap before GC invocations=13 (full 2):
 PSYoungGen      total 181760K, used 352K [0x00000000d5f80000, 0x00000000e7380000, 0x0000000100000000)
  eden space 171520K, 0% used [0x00000000d5f80000,0x00000000d5f80000,0x00000000e0700000)
  from space 10240K, 3% used [0x00000000e0700000,0x00000000e0758000,0x00000000e1100000)
  to   space 10752K, 0% used [0x00000000e6900000,0x00000000e6900000,0x00000000e7380000)
 ParOldGen       total 47616K, used 15999K [0x0000000081e00000, 0x0000000084c80000, 0x00000000d5f80000)
  object space 47616K, 33% used [0x0000000081e00000,0x0000000082d9ffd0,0x0000000084c80000)
 Metaspace       used 34276K, capacity 35460K, committed 35496K, reserved 1079296K
  class space    used 4671K, capacity 4912K, committed 4912K, reserved 1048576K
Event: 21.954 GC heap after
Heap after GC invocations=13 (full 2):
 PSYoungGen      total 181760K, used 0K [0x00000000d5f80000, 0x00000000e7380000, 0x0000000100000000)
  eden space 171520K, 0% used [0x00000000d5f80000,0x00000000d5f80000,0x00000000e0700000)
  from space 10240K, 0% used [0x00000000e0700000,0x00000000e0700000,0x00000000e1100000)
  to   space 10752K, 0% used [0x00000000e6900000,0x00000000e6900000,0x00000000e7380000)
 ParOldGen       total 60416K, used 11748K [0x0000000081e00000, 0x0000000085900000, 0x00000000d5f80000)
  object space 60416K, 19% used [0x0000000081e00000,0x0000000082979260,0x0000000085900000)
 Metaspace       used 34276K, capacity 35460K, committed 35496K, reserved 1079296K
  class space    used 4671K, capacity 4912K, committed 4912K, reserved 1048576K
}
Event: 23.538 GC heap before
{Heap before GC invocations=14 (full 2):
 PSYoungGen      total 181760K, used 171520K [0x00000000d5f80000, 0x00000000e7380000, 0x0000000100000000)
  eden space 171520K, 100% used [0x00000000d5f80000,0x00000000e0700000,0x00000000e0700000)
  from space 10240K, 0% used [0x00000000e0700000,0x00000000e0700000,0x00000000e1100000)
  to   space 10752K, 0% used [0x00000000e6900000,0x00000000e6900000,0x00000000e7380000)
 ParOldGen       total 60416K, used 11748K [0x0000000081e00000, 0x0000000085900000, 0x00000000d5f80000)
  object space 60416K, 19% used [0x0000000081e00000,0x0000000082979260,0x0000000085900000)
 Metaspace       used 40222K, capacity 41908K, committed 42288K, reserved 1085440K
  class space    used 5504K, capacity 5826K, committed 5936K, reserved 1048576K
Event: 23.546 GC heap after
Heap after GC invocations=14 (full 2):
 PSYoungGen      total 269824K, used 10749K [0x00000000d5f80000, 0x00000000e7900000, 0x0000000100000000)
  eden space 259072K, 0% used [0x00000000d5f80000,0x00000000d5f80000,0x00000000e5c80000)
  from space 10752K, 99% used [0x00000000e6900000,0x00000000e737f5a0,0x00000000e7380000)
  to   space 12800K, 0% used [0x00000000e5c80000,0x00000000e5c80000,0x00000000e6900000)
 ParOldGen       total 60416K, used 12692K [0x0000000081e00000, 0x0000000085900000, 0x00000000d5f80000)
  object space 60416K, 21% used [0x0000000081e00000,0x0000000082a650f8,0x0000000085900000)
 Metaspace       used 40222K, capacity 41908K, committed 42288K, reserved 1085440K
  class space    used 5504K, capacity 5826K, committed 5936K, reserved 1048576K
}

