# JRE version: Java(TM) SE Runtime Environment (8.0_181-b13) (build 1.8.0_181-b13)
# Java VM: Java HotSpot(TM) 64-Bit Server VM (25.181-b13 mixed mode windows-amd64 compressed oops)
Heap:
 PSYoungGen      total 158208K, used 29980K [0x00000000d5f80000, 0x00000000e1a00000, 0x0000000100000000)
  eden space 146432K, 20% used [0x00000000d5f80000,0x00000000d7cc7228,0x00000000dee80000)
  from space 11776K, 0% used [0x00000000df980000,0x00000000df980000,0x00000000e0500000)
  to   space 11264K, 0% used [0x00000000dee80000,0x00000000dee80000,0x00000000df980000)
 ParOldGen       total 84480K, used 12372K [0x0000000081e00000, 0x0000000087080000, 0x00000000d5f80000)
  object space 84480K, 14% used [0x0000000081e00000,0x0000000082a150d0,0x0000000087080000)
 Metaspace       used 35476K, capacity 37060K, committed 37120K, reserved 1081344K
  class space    used 5024K, capacity 5328K, committed 5376K, reserved 1048576K
GC Heap History (10 events):
Event: 1.437 GC heap before
{Heap before GC invocations=6 (full 1):
 PSYoungGen      total 71680K, used 66556K [0x00000000d5f80000, 0x00000000daa80000, 0x0000000100000000)
  eden space 66560K, 99% used [0x00000000d5f80000,0x00000000da07f230,0x00000000da080000)
  from space 5120K, 0% used [0x00000000da580000,0x00000000da580000,0x00000000daa80000)
  to   space 5120K, 0% used [0x00000000da080000,0x00000000da080000,0x00000000da580000)
 ParOldGen       total 61440K, used 8221K [0x0000000081e00000, 0x0000000085a00000, 0x00000000d5f80000)
  object space 61440K, 13% used [0x0000000081e00000,0x00000000826075f0,0x0000000085a00000)
 Metaspace       used 24496K, capacity 25242K, committed 25472K, reserved 1071104K
  class space    used 3215K, capacity 3397K, committed 3456K, reserved 1048576K
Event: 1.441 GC heap after
Heap after GC invocations=6 (full 1):
 PSYoungGen      total 71680K, used 5099K [0x00000000d5f80000, 0x00000000dd380000, 0x0000000100000000)
  eden space 66560K, 0% used [0x00000000d5f80000,0x00000000d5f80000,0x00000000da080000)
  from space 5120K, 99% used [0x00000000da080000,0x00000000da57ac40,0x00000000da580000)
  to   space 8704K, 0% used [0x00000000dcb00000,0x00000000dcb00000,0x00000000dd380000)
 ParOldGen       total 61440K, used 9081K [0x0000000081e00000, 0x0000000085a00000, 0x00000000d5f80000)
  object space 61440K, 14% used [0x0000000081e00000,0x00000000826de7a0,0x0000000085a00000)
 Metaspace       used 24496K, capacity 25242K, committed 25472K, reserved 1071104K
  class space    used 3215K, capacity 3397K, committed 3456K, reserved 1048576K
}
Event: 1.866 GC heap before
{Heap before GC invocations=7 (full 1):
 PSYoungGen      total 71680K, used 71659K [0x00000000d5f80000, 0x00000000dd380000, 0x0000000100000000)
  eden space 66560K, 100% used [0x00000000d5f80000,0x00000000da080000,0x00000000da080000)
  from space 5120K, 99% used [0x00000000da080000,0x00000000da57ac40,0x00000000da580000)
  to   space 8704K, 0% used [0x00000000dcb00000,0x00000000dcb00000,0x00000000dd380000)
 ParOldGen       total 61440K, used 9081K [0x0000000081e00000, 0x0000000085a00000, 0x00000000d5f80000)
  object space 61440K, 14% used [0x0000000081e00000,0x00000000826de7a0,0x0000000085a00000)
 Metaspace       used 27835K, capacity 28874K, committed 29056K, reserved 1075200K
  class space    used 3705K, capacity 3951K, committed 3968K, reserved 1048576K
Event: 1.872 GC heap after
Heap after GC invocations=7 (full 1):
 PSYoungGen      total 107008K, used 7467K [0x00000000d5f80000, 0x00000000dd280000, 0x0000000100000000)
  eden space 99328K, 0% used [0x00000000d5f80000,0x00000000d5f80000,0x00000000dc080000)
  from space 7680K, 97% used [0x00000000dcb00000,0x00000000dd24ad18,0x00000000dd280000)
  to   space 9216K, 0% used [0x00000000dc080000,0x00000000dc080000,0x00000000dc980000)
 ParOldGen       total 61440K, used 9153K [0x0000000081e00000, 0x0000000085a00000, 0x00000000d5f80000)
  object space 61440K, 14% used [0x0000000081e00000,0x00000000826f07b0,0x0000000085a00000)
 Metaspace       used 27835K, capacity 28874K, committed 29056K, reserved 1075200K
  class space    used 3705K, capacity 3951K, committed 3968K, reserved 1048576K
}
Event: 2.643 GC heap before
{Heap before GC invocations=8 (full 1):
 PSYoungGen      total 107008K, used 106795K [0x00000000d5f80000, 0x00000000dd280000, 0x0000000100000000)
  eden space 99328K, 100% used [0x00000000d5f80000,0x00000000dc080000,0x00000000dc080000)
  from space 7680K, 97% used [0x00000000dcb00000,0x00000000dd24ad18,0x00000000dd280000)
  to   space 9216K, 0% used [0x00000000dc080000,0x00000000dc080000,0x00000000dc980000)
 ParOldGen       total 61440K, used 9153K [0x0000000081e00000, 0x0000000085a00000, 0x00000000d5f80000)
  object space 61440K, 14% used [0x0000000081e00000,0x00000000826f07b0,0x0000000085a00000)
 Metaspace       used 34161K, capacity 35404K, committed 35496K, reserved 1079296K
  class space    used 4823K, capacity 5092K, committed 5120K, reserved 1048576K
Event: 2.651 GC heap after
Heap after GC invocations=8 (full 1):
 PSYoungGen      total 108544K, used 9205K [0x00000000d5f80000, 0x00000000e0500000, 0x0000000100000000)
  eden space 99328K, 0% used [0x00000000d5f80000,0x00000000d5f80000,0x00000000dc080000)
  from space 9216K, 99% used [0x00000000dc080000,0x00000000dc97d6d8,0x00000000dc980000)
  to   space 11776K, 0% used [0x00000000df980000,0x00000000df980000,0x00000000e0500000)
 ParOldGen       total 61440K, used 12556K [0x0000000081e00000, 0x0000000085a00000, 0x00000000d5f80000)
  object space 61440K, 20% used [0x0000000081e00000,0x0000000082a433b0,0x0000000085a00000)
 Metaspace       used 34161K, capacity 35404K, committed 35496K, reserved 1079296K
  class space    used 4823K, capacity 5092K, committed 5120K, reserved 1048576K
}
Event: 2.686 GC heap before
{Heap before GC invocations=9 (full 1):
 PSYoungGen      total 108544K, used 16034K [0x00000000d5f80000, 0x00000000e0500000, 0x0000000100000000)
  eden space 99328K, 6% used [0x00000000d5f80000,0x00000000d662b500,0x00000000dc080000)
  from space 9216K, 99% used [0x00000000dc080000,0x00000000dc97d6d8,0x00000000dc980000)
  to   space 11776K, 0% used [0x00000000df980000,0x00000000df980000,0x00000000e0500000)
 ParOldGen       total 61440K, used 12556K [0x0000000081e00000, 0x0000000085a00000, 0x00000000d5f80000)
  object space 61440K, 20% used [0x0000000081e00000,0x0000000082a433b0,0x0000000085a00000)
 Metaspace       used 34272K, capacity 35468K, committed 35496K, reserved 1079296K
  class space    used 4841K, capacity 5092K, committed 5120K, reserved 1048576K
Event: 2.691 GC heap after
Heap after GC invocations=9 (full 1):
 PSYoungGen      total 158208K, used 7684K [0x00000000d5f80000, 0x00000000e1a00000, 0x0000000100000000)
  eden space 146432K, 0% used [0x00000000d5f80000,0x00000000d5f80000,0x00000000dee80000)
  from space 11776K, 65% used [0x00000000df980000,0x00000000e0101368,0x00000000e0500000)
  to   space 11264K, 0% used [0x00000000dee80000,0x00000000dee80000,0x00000000df980000)
 ParOldGen       total 61440K, used 12564K [0x0000000081e00000, 0x0000000085a00000, 0x00000000d5f80000)
  object space 61440K, 20% used [0x0000000081e00000,0x0000000082a453b0,0x0000000085a00000)
 Metaspace       used 34272K, capacity 35468K, committed 35496K, reserved 1079296K
  class space    used 4841K, capacity 5092K, committed 5120K, reserved 1048576K
}
Event: 2.691 GC heap before
{Heap before GC invocations=10 (full 2):
 PSYoungGen      total 158208K, used 7684K [0x00000000d5f80000, 0x00000000e1a00000, 0x0000000100000000)
  eden space 146432K, 0% used [0x00000000d5f80000,0x00000000d5f80000,0x00000000dee80000)
  from space 11776K, 65% used [0x00000000df980000,0x00000000e0101368,0x00000000e0500000)
  to   space 11264K, 0% used [0x00000000dee80000,0x00000000dee80000,0x00000000df980000)
 ParOldGen       total 61440K, used 12564K [0x0000000081e00000, 0x0000000085a00000, 0x00000000d5f80000)
  object space 61440K, 20% used [0x0000000081e00000,0x0000000082a453b0,0x0000000085a00000)
 Metaspace       used 34272K, capacity 35468K, committed 35496K, reserved 1079296K
  class space    used 4841K, capacity 5092K, committed 5120K, reserved 1048576K
Event: 2.736 GC heap after
Heap after GC invocations=10 (full 2):
 PSYoungGen      total 158208K, used 0K [0x00000000d5f80000, 0x00000000e1a00000, 0x0000000100000000)
  eden space 146432K, 0% used [0x00000000d5f80000,0x00000000d5f80000,0x00000000dee80000)
  from space 11776K, 0% used [0x00000000df980000,0x00000000df980000,0x00000000e0500000)
  to   space 11264K, 0% used [0x00000000dee80000,0x00000000dee80000,0x00000000df980000)
 ParOldGen       total 84480K, used 12372K [0x0000000081e00000, 0x0000000087080000, 0x00000000d5f80000)
  object space 84480K, 14% used [0x0000000081e00000,0x0000000082a150d0,0x0000000087080000)
 Metaspace       used 34272K, capacity 35468K, committed 35496K, reserved 1079296K
  class space    used 4841K, capacity 5092K, committed 5120K, reserved 1048576K
}

