# JRE version: Java(TM) SE Runtime Environment (8.0_181-b13) (build 1.8.0_181-b13)
# Java VM: Java HotSpot(TM) 64-Bit Server VM (25.181-b13 mixed mode windows-amd64 compressed oops)
Heap:
 PSYoungGen      total 136704K, used 102159K [0x00000000d5f80000, 0x00000000e0000000, 0x0000000100000000)
  eden space 127488K, 72% used [0x00000000d5f80000,0x00000000dba4b548,0x00000000ddc00000)
  from space 9216K, 99% used [0x00000000ddc00000,0x00000000de4f89f8,0x00000000de500000)
  to   space 12800K, 0% used [0x00000000df380000,0x00000000df380000,0x00000000e0000000)
 ParOldGen       total 58880K, used 10216K [0x0000000081e00000, 0x0000000085780000, 0x00000000d5f80000)
  object space 58880K, 17% used [0x0000000081e00000,0x00000000827fa260,0x0000000085780000)
 Metaspace       used 33423K, capacity 34988K, committed 35200K, reserved 1079296K
  class space    used 4397K, capacity 4691K, committed 4736K, reserved 1048576K
GC Heap History (10 events):
Event: 0.862 GC heap before
{Heap before GC invocations=4 (full 0):
 PSYoungGen      total 38400K, used 38380K [0x00000000d5f80000, 0x00000000daa80000, 0x0000000100000000)
  eden space 33280K, 100% used [0x00000000d5f80000,0x00000000d8000000,0x00000000d8000000)
  from space 5120K, 99% used [0x00000000d8000000,0x00000000d84fb0c8,0x00000000d8500000)
  to   space 5120K, 0% used [0x00000000da580000,0x00000000da580000,0x00000000daa80000)
 ParOldGen       total 87552K, used 1186K [0x0000000081e00000, 0x0000000087380000, 0x00000000d5f80000)
  object space 87552K, 1% used [0x0000000081e00000,0x0000000081f28b50,0x0000000087380000)
 Metaspace       used 19191K, capacity 19694K, committed 19840K, reserved 1067008K
  class space    used 2484K, capacity 2624K, committed 2688K, reserved 1048576K
Event: 0.870 GC heap after
Heap after GC invocations=4 (full 0):
 PSYoungGen      total 71680K, used 5098K [0x00000000d5f80000, 0x00000000daa80000, 0x0000000100000000)
  eden space 66560K, 0% used [0x00000000d5f80000,0x00000000d5f80000,0x00000000da080000)
  from space 5120K, 99% used [0x00000000da580000,0x00000000daa7ab20,0x00000000daa80000)
  to   space 5120K, 0% used [0x00000000da080000,0x00000000da080000,0x00000000da580000)
 ParOldGen       total 87552K, used 4918K [0x0000000081e00000, 0x0000000087380000, 0x00000000d5f80000)
  object space 87552K, 5% used [0x0000000081e00000,0x00000000822cdae0,0x0000000087380000)
 Metaspace       used 19191K, capacity 19694K, committed 19840K, reserved 1067008K
  class space    used 2484K, capacity 2624K, committed 2688K, reserved 1048576K
}
Event: 0.998 GC heap before
{Heap before GC invocations=5 (full 0):
 PSYoungGen      total 71680K, used 16584K [0x00000000d5f80000, 0x00000000daa80000, 0x0000000100000000)
  eden space 66560K, 17% used [0x00000000d5f80000,0x00000000d6ab7548,0x00000000da080000)
  from space 5120K, 99% used [0x00000000da580000,0x00000000daa7ab20,0x00000000daa80000)
  to   space 5120K, 0% used [0x00000000da080000,0x00000000da080000,0x00000000da580000)
 ParOldGen       total 87552K, used 4918K [0x0000000081e00000, 0x0000000087380000, 0x00000000d5f80000)
  object space 87552K, 5% used [0x0000000081e00000,0x00000000822cdae0,0x0000000087380000)
 Metaspace       used 20641K, capacity 21194K, committed 21296K, reserved 1067008K
  class space    used 2699K, capacity 2886K, committed 2944K, reserved 1048576K
Event: 1.004 GC heap after
Heap after GC invocations=5 (full 0):
 PSYoungGen      total 71680K, used 5105K [0x00000000d5f80000, 0x00000000df380000, 0x0000000100000000)
  eden space 66560K, 0% used [0x00000000d5f80000,0x00000000d5f80000,0x00000000da080000)
  from space 5120K, 99% used [0x00000000da080000,0x00000000da57c7d8,0x00000000da580000)
  to   space 9216K, 0% used [0x00000000dea80000,0x00000000dea80000,0x00000000df380000)
 ParOldGen       total 87552K, used 5865K [0x0000000081e00000, 0x0000000087380000, 0x00000000d5f80000)
  object space 87552K, 6% used [0x0000000081e00000,0x00000000823ba438,0x0000000087380000)
 Metaspace       used 20641K, capacity 21194K, committed 21296K, reserved 1067008K
  class space    used 2699K, capacity 2886K, committed 2944K, reserved 1048576K
}
Event: 1.004 GC heap before
{Heap before GC invocations=6 (full 1):
 PSYoungGen      total 71680K, used 5105K [0x00000000d5f80000, 0x00000000df380000, 0x0000000100000000)
  eden space 66560K, 0% used [0x00000000d5f80000,0x00000000d5f80000,0x00000000da080000)
  from space 5120K, 99% used [0x00000000da080000,0x00000000da57c7d8,0x00000000da580000)
  to   space 9216K, 0% used [0x00000000dea80000,0x00000000dea80000,0x00000000df380000)
 ParOldGen       total 87552K, used 5865K [0x0000000081e00000, 0x0000000087380000, 0x00000000d5f80000)
  object space 87552K, 6% used [0x0000000081e00000,0x00000000823ba438,0x0000000087380000)
 Metaspace       used 20641K, capacity 21194K, committed 21296K, reserved 1067008K
  class space    used 2699K, capacity 2886K, committed 2944K, reserved 1048576K
Event: 1.033 GC heap after
Heap after GC invocations=6 (full 1):
 PSYoungGen      total 71680K, used 0K [0x00000000d5f80000, 0x00000000df380000, 0x0000000100000000)
  eden space 66560K, 0% used [0x00000000d5f80000,0x00000000d5f80000,0x00000000da080000)
  from space 5120K, 0% used [0x00000000da080000,0x00000000da080000,0x00000000da580000)
  to   space 9216K, 0% used [0x00000000dea80000,0x00000000dea80000,0x00000000df380000)
 ParOldGen       total 58880K, used 5836K [0x0000000081e00000, 0x0000000085780000, 0x00000000d5f80000)
  object space 58880K, 9% used [0x0000000081e00000,0x00000000823b3020,0x0000000085780000)
 Metaspace       used 20640K, capacity 21188K, committed 21296K, reserved 1067008K
  class space    used 2698K, capacity 2885K, committed 2944K, reserved 1048576K
}
Event: 1.250 GC heap before
{Heap before GC invocations=7 (full 1):
 PSYoungGen      total 71680K, used 66560K [0x00000000d5f80000, 0x00000000df380000, 0x0000000100000000)
  eden space 66560K, 100% used [0x00000000d5f80000,0x00000000da080000,0x00000000da080000)
  from space 5120K, 0% used [0x00000000da080000,0x00000000da080000,0x00000000da580000)
  to   space 9216K, 0% used [0x00000000dea80000,0x00000000dea80000,0x00000000df380000)
 ParOldGen       total 58880K, used 5836K [0x0000000081e00000, 0x0000000085780000, 0x00000000d5f80000)
  object space 58880K, 9% used [0x0000000081e00000,0x00000000823b3020,0x0000000085780000)
 Metaspace       used 23327K, capacity 24022K, committed 24320K, reserved 1071104K
  class space    used 3033K, capacity 3219K, committed 3328K, reserved 1048576K
Event: 1.253 GC heap after
Heap after GC invocations=7 (full 1):
 PSYoungGen      total 101376K, used 3553K [0x00000000d5f80000, 0x00000000dee00000, 0x0000000100000000)
  eden space 97792K, 0% used [0x00000000d5f80000,0x00000000d5f80000,0x00000000dbf00000)
  from space 3584K, 99% used [0x00000000dea80000,0x00000000dedf86a8,0x00000000dee00000)
  to   space 9216K, 0% used [0x00000000ddc00000,0x00000000ddc00000,0x00000000de500000)
 ParOldGen       total 58880K, used 5908K [0x0000000081e00000, 0x0000000085780000, 0x00000000d5f80000)
  object space 58880K, 10% used [0x0000000081e00000,0x00000000823c5030,0x0000000085780000)
 Metaspace       used 23327K, capacity 24022K, committed 24320K, reserved 1071104K
  class space    used 3033K, capacity 3219K, committed 3328K, reserved 1048576K
}
Event: 2.436 GC heap before
{Heap before GC invocations=8 (full 1):
 PSYoungGen      total 101376K, used 101345K [0x00000000d5f80000, 0x00000000dee00000, 0x0000000100000000)
  eden space 97792K, 100% used [0x00000000d5f80000,0x00000000dbf00000,0x00000000dbf00000)
  from space 3584K, 99% used [0x00000000dea80000,0x00000000dedf86a8,0x00000000dee00000)
  to   space 9216K, 0% used [0x00000000ddc00000,0x00000000ddc00000,0x00000000de500000)
 ParOldGen       total 58880K, used 5908K [0x0000000081e00000, 0x0000000085780000, 0x00000000d5f80000)
  object space 58880K, 10% used [0x0000000081e00000,0x00000000823c5030,0x0000000085780000)
 Metaspace       used 30874K, capacity 32412K, committed 32640K, reserved 1077248K
  class space    used 4093K, capacity 4383K, committed 4480K, reserved 1048576K
Event: 2.443 GC heap after
Heap after GC invocations=8 (full 1):
 PSYoungGen      total 136704K, used 9186K [0x00000000d5f80000, 0x00000000e0000000, 0x0000000100000000)
  eden space 127488K, 0% used [0x00000000d5f80000,0x00000000d5f80000,0x00000000ddc00000)
  from space 9216K, 99% used [0x00000000ddc00000,0x00000000de4f89f8,0x00000000de500000)
  to   space 12800K, 0% used [0x00000000df380000,0x00000000df380000,0x00000000e0000000)
 ParOldGen       total 58880K, used 10216K [0x0000000081e00000, 0x0000000085780000, 0x00000000d5f80000)
  object space 58880K, 17% used [0x0000000081e00000,0x00000000827fa260,0x0000000085780000)
 Metaspace       used 30874K, capacity 32412K, committed 32640K, reserved 1077248K
  class space    used 4093K, capacity 4383K, committed 4480K, reserved 1048576K
}

