# JRE version: Java(TM) SE Runtime Environment (8.0_181-b13) (build 1.8.0_181-b13)
# Java VM: Java HotSpot(TM) 64-Bit Server VM (25.181-b13 mixed mode windows-amd64 compressed oops)
Heap:
 PSYoungGen      total 111616K, used 98708K [0x00000000d5f80000, 0x00000000dee00000, 0x0000000100000000)
  eden space 102912K, 87% used [0x00000000d5f80000,0x00000000db766c68,0x00000000dc400000)
  from space 8704K, 99% used [0x00000000ddd00000,0x00000000de57e728,0x00000000de580000)
  to   space 4096K, 0% used [0x00000000dea00000,0x00000000dea00000,0x00000000dee00000)
 ParOldGen       total 56832K, used 22290K [0x0000000081e00000, 0x0000000085580000, 0x00000000d5f80000)
  object space 56832K, 39% used [0x0000000081e00000,0x00000000833c4b20,0x0000000085580000)
 Metaspace       used 53530K, capacity 55920K, committed 56104K, reserved 1097728K
  class space    used 7438K, capacity 7880K, committed 7976K, reserved 1048576K
GC Heap History (10 events):
Event: 1.057 GC heap before
{Heap before GC invocations=7 (full 1):
 PSYoungGen      total 71680K, used 66546K [0x00000000d5f80000, 0x00000000df280000, 0x0000000100000000)
  eden space 66560K, 99% used [0x00000000d5f80000,0x00000000da07c958,0x00000000da080000)
  from space 5120K, 0% used [0x00000000da080000,0x00000000da080000,0x00000000da580000)
  to   space 8704K, 0% used [0x00000000dea00000,0x00000000dea00000,0x00000000df280000)
 ParOldGen       total 56832K, used 5430K [0x0000000081e00000, 0x0000000085580000, 0x00000000d5f80000)
  object space 56832K, 9% used [0x0000000081e00000,0x000000008234da08,0x0000000085580000)
 Metaspace       used 23303K, capacity 24022K, committed 24320K, reserved 1071104K
  class space    used 3033K, capacity 3219K, committed 3328K, reserved 1048576K
Event: 1.060 GC heap after
Heap after GC invocations=7 (full 1):
 PSYoungGen      total 107008K, used 4000K [0x00000000d5f80000, 0x00000000dee00000, 0x0000000100000000)
  eden space 102912K, 0% used [0x00000000d5f80000,0x00000000d5f80000,0x00000000dc400000)
  from space 4096K, 97% used [0x00000000dea00000,0x00000000dede8200,0x00000000dee00000)
  to   space 8704K, 0% used [0x00000000ddd00000,0x00000000ddd00000,0x00000000de580000)
 ParOldGen       total 56832K, used 5502K [0x0000000081e00000, 0x0000000085580000, 0x00000000d5f80000)
  object space 56832K, 9% used [0x0000000081e00000,0x000000008235fa18,0x0000000085580000)
 Metaspace       used 23303K, capacity 24022K, committed 24320K, reserved 1071104K
  class space    used 3033K, capacity 3219K, committed 3328K, reserved 1048576K
}
Event: 2.160 GC heap before
{Heap before GC invocations=8 (full 1):
 PSYoungGen      total 107008K, used 106912K [0x00000000d5f80000, 0x00000000dee00000, 0x0000000100000000)
  eden space 102912K, 100% used [0x00000000d5f80000,0x00000000dc400000,0x00000000dc400000)
  from space 4096K, 97% used [0x00000000dea00000,0x00000000dede8200,0x00000000dee00000)
  to   space 8704K, 0% used [0x00000000ddd00000,0x00000000ddd00000,0x00000000de580000)
 ParOldGen       total 56832K, used 5502K [0x0000000081e00000, 0x0000000085580000, 0x00000000d5f80000)
  object space 56832K, 9% used [0x0000000081e00000,0x000000008235fa18,0x0000000085580000)
 Metaspace       used 30893K, capacity 32404K, committed 32640K, reserved 1077248K
  class space    used 4100K, capacity 4383K, committed 4480K, reserved 1048576K
Event: 2.169 GC heap after
Heap after GC invocations=8 (full 1):
 PSYoungGen      total 111616K, used 8703K [0x00000000d5f80000, 0x00000000dee00000, 0x0000000100000000)
  eden space 102912K, 0% used [0x00000000d5f80000,0x00000000d5f80000,0x00000000dc400000)
  from space 8704K, 99% used [0x00000000ddd00000,0x00000000de57fe08,0x00000000de580000)
  to   space 4096K, 0% used [0x00000000dea00000,0x00000000dea00000,0x00000000dee00000)
 ParOldGen       total 56832K, used 10646K [0x0000000081e00000, 0x0000000085580000, 0x00000000d5f80000)
  object space 56832K, 18% used [0x0000000081e00000,0x0000000082865b88,0x0000000085580000)
 Metaspace       used 30893K, capacity 32404K, committed 32640K, reserved 1077248K
  class space    used 4100K, capacity 4383K, committed 4480K, reserved 1048576K
}
Event: 2.484 GC heap before
{Heap before GC invocations=9 (full 1):
 PSYoungGen      total 111616K, used 109168K [0x00000000d5f80000, 0x00000000dee00000, 0x0000000100000000)
  eden space 102912K, 97% used [0x00000000d5f80000,0x00000000dc19c288,0x00000000dc400000)
  from space 8704K, 99% used [0x00000000ddd00000,0x00000000de57fe08,0x00000000de580000)
  to   space 4096K, 0% used [0x00000000dea00000,0x00000000dea00000,0x00000000dee00000)
 ParOldGen       total 56832K, used 10646K [0x0000000081e00000, 0x0000000085580000, 0x00000000d5f80000)
  object space 56832K, 18% used [0x0000000081e00000,0x0000000082865b88,0x0000000085580000)
 Metaspace       used 33877K, capacity 35484K, committed 35496K, reserved 1079296K
  class space    used 4464K, capacity 4769K, committed 4776K, reserved 1048576K
Event: 2.492 GC heap after
Heap after GC invocations=9 (full 1):
 PSYoungGen      total 107008K, used 4080K [0x00000000d5f80000, 0x00000000dee00000, 0x0000000100000000)
  eden space 102912K, 0% used [0x00000000d5f80000,0x00000000d5f80000,0x00000000dc400000)
  from space 4096K, 99% used [0x00000000dea00000,0x00000000dedfc020,0x00000000dee00000)
  to   space 8704K, 0% used [0x00000000ddd00000,0x00000000ddd00000,0x00000000de580000)
 ParOldGen       total 56832K, used 21046K [0x0000000081e00000, 0x0000000085580000, 0x00000000d5f80000)
  object space 56832K, 37% used [0x0000000081e00000,0x000000008328d958,0x0000000085580000)
 Metaspace       used 33877K, capacity 35484K, committed 35496K, reserved 1079296K
  class space    used 4464K, capacity 4769K, committed 4776K, reserved 1048576K
}
Event: 2.492 GC heap before
{Heap before GC invocations=10 (full 2):
 PSYoungGen      total 107008K, used 4080K [0x00000000d5f80000, 0x00000000dee00000, 0x0000000100000000)
  eden space 102912K, 0% used [0x00000000d5f80000,0x00000000d5f80000,0x00000000dc400000)
  from space 4096K, 99% used [0x00000000dea00000,0x00000000dedfc020,0x00000000dee00000)
  to   space 8704K, 0% used [0x00000000ddd00000,0x00000000ddd00000,0x00000000de580000)
 ParOldGen       total 56832K, used 21046K [0x0000000081e00000, 0x0000000085580000, 0x00000000d5f80000)
  object space 56832K, 37% used [0x0000000081e00000,0x000000008328d958,0x0000000085580000)
 Metaspace       used 33877K, capacity 35484K, committed 35496K, reserved 1079296K
  class space    used 4464K, capacity 4769K, committed 4776K, reserved 1048576K
Event: 2.557 GC heap after
Heap after GC invocations=10 (full 2):
 PSYoungGen      total 107008K, used 0K [0x00000000d5f80000, 0x00000000dee00000, 0x0000000100000000)
  eden space 102912K, 0% used [0x00000000d5f80000,0x00000000d5f80000,0x00000000dc400000)
  from space 4096K, 0% used [0x00000000dea00000,0x00000000dea00000,0x00000000dee00000)
  to   space 8704K, 0% used [0x00000000ddd00000,0x00000000ddd00000,0x00000000de580000)
 ParOldGen       total 56832K, used 18295K [0x0000000081e00000, 0x0000000085580000, 0x00000000d5f80000)
  object space 56832K, 32% used [0x0000000081e00000,0x0000000082fdddb0,0x0000000085580000)
 Metaspace       used 33877K, capacity 35484K, committed 35496K, reserved 1079296K
  class space    used 4464K, capacity 4769K, committed 4776K, reserved 1048576K
}
Event: 4.453 GC heap before
{Heap before GC invocations=11 (full 2):
 PSYoungGen      total 107008K, used 102912K [0x00000000d5f80000, 0x00000000dee00000, 0x0000000100000000)
  eden space 102912K, 100% used [0x00000000d5f80000,0x00000000dc400000,0x00000000dc400000)
  from space 4096K, 0% used [0x00000000dea00000,0x00000000dea00000,0x00000000dee00000)
  to   space 8704K, 0% used [0x00000000ddd00000,0x00000000ddd00000,0x00000000de580000)
 ParOldGen       total 56832K, used 18295K [0x0000000081e00000, 0x0000000085580000, 0x00000000d5f80000)
  object space 56832K, 32% used [0x0000000081e00000,0x0000000082fdddb0,0x0000000085580000)
 Metaspace       used 45829K, capacity 47628K, committed 47784K, reserved 1091584K
  class space    used 6211K, capacity 6555K, committed 6568K, reserved 1048576K
Event: 4.462 GC heap after
Heap after GC invocations=11 (full 2):
 PSYoungGen      total 111616K, used 8697K [0x00000000d5f80000, 0x00000000dee00000, 0x0000000100000000)
  eden space 102912K, 0% used [0x00000000d5f80000,0x00000000d5f80000,0x00000000dc400000)
  from space 8704K, 99% used [0x00000000ddd00000,0x00000000de57e728,0x00000000de580000)
  to   space 4096K, 0% used [0x00000000dea00000,0x00000000dea00000,0x00000000dee00000)
 ParOldGen       total 56832K, used 22290K [0x0000000081e00000, 0x0000000085580000, 0x00000000d5f80000)
  object space 56832K, 39% used [0x0000000081e00000,0x00000000833c4b20,0x0000000085580000)
 Metaspace       used 45829K, capacity 47628K, committed 47784K, reserved 1091584K
  class space    used 6211K, capacity 6555K, committed 6568K, reserved 1048576K
}

