# JRE version: Java(TM) SE Runtime Environment (8.0_181-b13) (build 1.8.0_181-b13)
# Java VM: Java HotSpot(TM) 64-Bit Server VM (25.181-b13 mixed mode windows-amd64 compressed oops)
Heap:
 PSYoungGen      total 137216K, used 82907K [0x00000000d5f80000, 0x00000000e2000000, 0x0000000100000000)
  eden space 128000K, 57% used [0x00000000d5f80000,0x00000000da77c378,0x00000000ddc80000)
  from space 9216K, 99% used [0x00000000ddc80000,0x00000000de57abf0,0x00000000de580000)
  to   space 17920K, 0% used [0x00000000e0e80000,0x00000000e0e80000,0x00000000e2000000)
 ParOldGen       total 55296K, used 23996K [0x0000000081e00000, 0x0000000085400000, 0x00000000d5f80000)
  object space 55296K, 43% used [0x0000000081e00000,0x000000008356f088,0x0000000085400000)
 Metaspace       used 54189K, capacity 56700K, committed 57000K, reserved 1097728K
  class space    used 7532K, capacity 7998K, committed 8104K, reserved 1048576K
GC Heap History (10 events):
Event: 1.132 GC heap before
{Heap before GC invocations=7 (full 1):
 PSYoungGen      total 71680K, used 66560K [0x00000000d5f80000, 0x00000000df380000, 0x0000000100000000)
  eden space 66560K, 100% used [0x00000000d5f80000,0x00000000da080000,0x00000000da080000)
  from space 5120K, 0% used [0x00000000da080000,0x00000000da080000,0x00000000da580000)
  to   space 9216K, 0% used [0x00000000dea80000,0x00000000dea80000,0x00000000df380000)
 ParOldGen       total 55296K, used 6295K [0x0000000081e00000, 0x0000000085400000, 0x00000000d5f80000)
  object space 55296K, 11% used [0x0000000081e00000,0x0000000082425e30,0x0000000085400000)
 Metaspace       used 23388K, capacity 24096K, committed 24320K, reserved 1071104K
  class space    used 3035K, capacity 3220K, committed 3328K, reserved 1048576K
Event: 1.135 GC heap after
Heap after GC invocations=7 (full 1):
 PSYoungGen      total 110080K, used 3613K [0x00000000d5f80000, 0x00000000dee80000, 0x0000000100000000)
  eden space 105984K, 0% used [0x00000000d5f80000,0x00000000d5f80000,0x00000000dc700000)
  from space 4096K, 88% used [0x00000000dea80000,0x00000000dee07588,0x00000000dee80000)
  to   space 9216K, 0% used [0x00000000ddc80000,0x00000000ddc80000,0x00000000de580000)
 ParOldGen       total 55296K, used 6367K [0x0000000081e00000, 0x0000000085400000, 0x00000000d5f80000)
  object space 55296K, 11% used [0x0000000081e00000,0x0000000082437e40,0x0000000085400000)
 Metaspace       used 23388K, capacity 24096K, committed 24320K, reserved 1071104K
  class space    used 3035K, capacity 3220K, committed 3328K, reserved 1048576K
}
Event: 2.688 GC heap before
{Heap before GC invocations=8 (full 1):
 PSYoungGen      total 110080K, used 109597K [0x00000000d5f80000, 0x00000000dee80000, 0x0000000100000000)
  eden space 105984K, 100% used [0x00000000d5f80000,0x00000000dc700000,0x00000000dc700000)
  from space 4096K, 88% used [0x00000000dea80000,0x00000000dee07588,0x00000000dee80000)
  to   space 9216K, 0% used [0x00000000ddc80000,0x00000000ddc80000,0x00000000de580000)
 ParOldGen       total 55296K, used 6367K [0x0000000081e00000, 0x0000000085400000, 0x00000000d5f80000)
  object space 55296K, 11% used [0x0000000081e00000,0x0000000082437e40,0x0000000085400000)
 Metaspace       used 31745K, capacity 33330K, committed 33536K, reserved 1079296K
  class space    used 4196K, capacity 4514K, committed 4608K, reserved 1048576K
Event: 2.706 GC heap after
Heap after GC invocations=8 (full 1):
 PSYoungGen      total 137216K, used 9211K [0x00000000d5f80000, 0x00000000e1c00000, 0x0000000100000000)
  eden space 128000K, 0% used [0x00000000d5f80000,0x00000000d5f80000,0x00000000ddc80000)
  from space 9216K, 99% used [0x00000000ddc80000,0x00000000de57ef60,0x00000000de580000)
  to   space 14336K, 0% used [0x00000000e0e00000,0x00000000e0e00000,0x00000000e1c00000)
 ParOldGen       total 55296K, used 13638K [0x0000000081e00000, 0x0000000085400000, 0x00000000d5f80000)
  object space 55296K, 24% used [0x0000000081e00000,0x0000000082b51820,0x0000000085400000)
 Metaspace       used 31745K, capacity 33330K, committed 33536K, reserved 1079296K
  class space    used 4196K, capacity 4514K, committed 4608K, reserved 1048576K
}
Event: 3.159 GC heap before
{Heap before GC invocations=9 (full 1):
 PSYoungGen      total 137216K, used 100314K [0x00000000d5f80000, 0x00000000e1c00000, 0x0000000100000000)
  eden space 128000K, 71% used [0x00000000d5f80000,0x00000000db877900,0x00000000ddc80000)
  from space 9216K, 99% used [0x00000000ddc80000,0x00000000de57ef60,0x00000000de580000)
  to   space 14336K, 0% used [0x00000000e0e00000,0x00000000e0e00000,0x00000000e1c00000)
 ParOldGen       total 55296K, used 13638K [0x0000000081e00000, 0x0000000085400000, 0x00000000d5f80000)
  object space 55296K, 24% used [0x0000000081e00000,0x0000000082b51820,0x0000000085400000)
 Metaspace       used 33866K, capacity 35484K, committed 35496K, reserved 1079296K
  class space    used 4458K, capacity 4769K, committed 4776K, reserved 1048576K
Event: 3.174 GC heap after
Heap after GC invocations=9 (full 1):
 PSYoungGen      total 142336K, used 12033K [0x00000000d5f80000, 0x00000000e1c00000, 0x0000000100000000)
  eden space 128000K, 0% used [0x00000000d5f80000,0x00000000d5f80000,0x00000000ddc80000)
  from space 14336K, 83% used [0x00000000e0e00000,0x00000000e19c0700,0x00000000e1c00000)
  to   space 9216K, 0% used [0x00000000ddc80000,0x00000000ddc80000,0x00000000de580000)
 ParOldGen       total 55296K, used 13646K [0x0000000081e00000, 0x0000000085400000, 0x00000000d5f80000)
  object space 55296K, 24% used [0x0000000081e00000,0x0000000082b53820,0x0000000085400000)
 Metaspace       used 33866K, capacity 35484K, committed 35496K, reserved 1079296K
  class space    used 4458K, capacity 4769K, committed 4776K, reserved 1048576K
}
Event: 3.174 GC heap before
{Heap before GC invocations=10 (full 2):
 PSYoungGen      total 142336K, used 12033K [0x00000000d5f80000, 0x00000000e1c00000, 0x0000000100000000)
  eden space 128000K, 0% used [0x00000000d5f80000,0x00000000d5f80000,0x00000000ddc80000)
  from space 14336K, 83% used [0x00000000e0e00000,0x00000000e19c0700,0x00000000e1c00000)
  to   space 9216K, 0% used [0x00000000ddc80000,0x00000000ddc80000,0x00000000de580000)
 ParOldGen       total 55296K, used 13646K [0x0000000081e00000, 0x0000000085400000, 0x00000000d5f80000)
  object space 55296K, 24% used [0x0000000081e00000,0x0000000082b53820,0x0000000085400000)
 Metaspace       used 33866K, capacity 35484K, committed 35496K, reserved 1079296K
  class space    used 4458K, capacity 4769K, committed 4776K, reserved 1048576K
Event: 3.264 GC heap after
Heap after GC invocations=10 (full 2):
 PSYoungGen      total 142336K, used 0K [0x00000000d5f80000, 0x00000000e1c00000, 0x0000000100000000)
  eden space 128000K, 0% used [0x00000000d5f80000,0x00000000d5f80000,0x00000000ddc80000)
  from space 14336K, 0% used [0x00000000e0e00000,0x00000000e0e00000,0x00000000e1c00000)
  to   space 9216K, 0% used [0x00000000ddc80000,0x00000000ddc80000,0x00000000de580000)
 ParOldGen       total 55296K, used 17739K [0x0000000081e00000, 0x0000000085400000, 0x00000000d5f80000)
  object space 55296K, 32% used [0x0000000081e00000,0x0000000082f52f30,0x0000000085400000)
 Metaspace       used 33866K, capacity 35484K, committed 35496K, reserved 1079296K
  class space    used 4458K, capacity 4769K, committed 4776K, reserved 1048576K
}
Event: 5.181 GC heap before
{Heap before GC invocations=11 (full 2):
 PSYoungGen      total 142336K, used 128000K [0x00000000d5f80000, 0x00000000e1c00000, 0x0000000100000000)
  eden space 128000K, 100% used [0x00000000d5f80000,0x00000000ddc80000,0x00000000ddc80000)
  from space 14336K, 0% used [0x00000000e0e00000,0x00000000e0e00000,0x00000000e1c00000)
  to   space 9216K, 0% used [0x00000000ddc80000,0x00000000ddc80000,0x00000000de580000)
 ParOldGen       total 55296K, used 17739K [0x0000000081e00000, 0x0000000085400000, 0x00000000d5f80000)
  object space 55296K, 32% used [0x0000000081e00000,0x0000000082f52f30,0x0000000085400000)
 Metaspace       used 48317K, capacity 50158K, committed 50344K, reserved 1093632K
  class space    used 6701K, capacity 7051K, committed 7080K, reserved 1048576K
Event: 5.200 GC heap after
Heap after GC invocations=11 (full 2):
 PSYoungGen      total 137216K, used 9194K [0x00000000d5f80000, 0x00000000e2000000, 0x0000000100000000)
  eden space 128000K, 0% used [0x00000000d5f80000,0x00000000d5f80000,0x00000000ddc80000)
  from space 9216K, 99% used [0x00000000ddc80000,0x00000000de57abf0,0x00000000de580000)
  to   space 17920K, 0% used [0x00000000e0e80000,0x00000000e0e80000,0x00000000e2000000)
 ParOldGen       total 55296K, used 23996K [0x0000000081e00000, 0x0000000085400000, 0x00000000d5f80000)
  object space 55296K, 43% used [0x0000000081e00000,0x000000008356f088,0x0000000085400000)
 Metaspace       used 48317K, capacity 50158K, committed 50344K, reserved 1093632K
  class space    used 6701K, capacity 7051K, committed 7080K, reserved 1048576K
}

